<?xml version="1.0" encoding="UTF-8"?>
<robot generator="Robot 3.1.2 (Python 3.8.0 on win32)" generated="20200310 20:23:25.467" rpa="false">
<suite id="s1" name="Demo" source="C:\QALC\AutomationClasses\RobotDemo\RobotDemo\tests\smoke\demo.txt">
<kw name="Open homepage" library="homepage" type="setup">
<doc>Opens specified browser and loads home page</doc>
<kw name="Open Browser" library="SeleniumLibrary">
<doc>Opens a new browser instance to the optional ``url``.</doc>
<arguments>
<arg>${HOMEPAGE_URL}</arg>
<arg>${BROWSER}</arg>
</arguments>
<msg timestamp="20200310 20:23:25.986" level="INFO">Opening browser 'gc' to base url 'https://qalearningcenter.com/'.</msg>
<status status="PASS" starttime="20200310 20:23:25.986" endtime="20200310 20:23:33.677"></status>
</kw>
<kw name="Maximize Browser Window" library="SeleniumLibrary">
<doc>Maximizes current browser window.</doc>
<status status="PASS" starttime="20200310 20:23:33.678" endtime="20200310 20:23:38.066"></status>
</kw>
<kw name="Get Window Size" library="SeleniumLibrary">
<doc>Returns current window width and height as integers.</doc>
<assign>
<var>@{window_size}</var>
</assign>
<msg timestamp="20200310 20:23:38.077" level="INFO">@{window_size} = [ 1294 | 694 ]</msg>
<status status="PASS" starttime="20200310 20:23:38.066" endtime="20200310 20:23:38.078"></status>
</kw>
<kw name="Log Many" library="BuiltIn">
<doc>Logs the given messages as separate entries using the INFO level.</doc>
<arguments>
<arg>@{window_size}</arg>
</arguments>
<msg timestamp="20200310 20:23:38.078" level="INFO">1294</msg>
<msg timestamp="20200310 20:23:38.078" level="INFO">694</msg>
<status status="PASS" starttime="20200310 20:23:38.078" endtime="20200310 20:23:38.079"></status>
</kw>
<status status="PASS" starttime="20200310 20:23:25.986" endtime="20200310 20:23:38.079"></status>
</kw>
<test id="s1-t1" name="Demo test case">
<kw name="Given I am on Homepage" library="homepage">
<doc>Check Site Logo Image</doc>
<kw name="Element Should Be Visible" library="SeleniumLibrary">
<doc>Verifies that the element identified by ``locator`` is visible.</doc>
<arguments>
<arg>${SITE_LOGO}</arg>
</arguments>
<msg timestamp="20200310 20:23:38.194" level="INFO">Element '(//div[@data-aid="HEADER_LOGO_RENDERED"])[1]' is displayed.</msg>
<status status="PASS" starttime="20200310 20:23:38.082" endtime="20200310 20:23:38.194"></status>
</kw>
<kw name="Capture Page Screenshot" library="SeleniumLibrary">
<doc>Takes a screenshot of the current page and embeds it into a log file.</doc>
<msg timestamp="20200310 20:23:41.290" level="INFO" html="yes">&lt;/td&gt;&lt;/tr&gt;&lt;tr&gt;&lt;td colspan="3"&gt;&lt;a href="selenium-screenshot-1.png"&gt;&lt;img src="selenium-screenshot-1.png" width="800px"&gt;&lt;/a&gt;</msg>
<status status="PASS" starttime="20200310 20:23:38.194" endtime="20200310 20:23:41.290"></status>
</kw>
<status status="PASS" starttime="20200310 20:23:38.082" endtime="20200310 20:23:41.290"></status>
</kw>
<kw name="When I go to Contact Us page" library="homepage">
<doc>clicking give button</doc>
<kw name="Wait Until Element Is Visible" library="SeleniumLibrary">
<doc>Waits until the element ``locator`` is visible.</doc>
<arguments>
<arg>${CONTACT_US}</arg>
</arguments>
<status status="PASS" starttime="20200310 20:23:41.292" endtime="20200310 20:23:41.342"></status>
</kw>
<kw name="Click Element" library="SeleniumLibrary">
<doc>Click the element identified by ``locator``.</doc>
<arguments>
<arg>${CONTACT_US}</arg>
</arguments>
<msg timestamp="20200310 20:23:41.343" level="INFO">Clicking element '//div[@id="bs-3"]//a[@href="/contact-us"]'.</msg>
<status status="PASS" starttime="20200310 20:23:41.343" endtime="20200310 20:23:44.224"></status>
</kw>
<status status="PASS" starttime="20200310 20:23:41.291" endtime="20200310 20:23:44.225"></status>
</kw>
<kw name="Then Contact Us Form Displays" library="homepage">
<doc>verifies form displays</doc>
<kw name="Wait Until Element Is Visible" library="SeleniumLibrary">
<doc>Waits until the element ``locator`` is visible.</doc>
<arguments>
<arg>${CONTACT_US}</arg>
</arguments>
<status status="PASS" starttime="20200310 20:23:44.258" endtime="20200310 20:23:44.520"></status>
</kw>
<status status="PASS" starttime="20200310 20:23:44.253" endtime="20200310 20:23:44.520"></status>
</kw>
<kw name="Close All Browsers" library="SeleniumLibrary" type="teardown">
<doc>Closes all open browsers and resets the browser cache.</doc>
<status status="PASS" starttime="20200310 20:23:44.524" endtime="20200310 20:23:49.948"></status>
</kw>
<doc>user can sign up to donate</doc>
<tags>
<tag>Smoke</tag>
</tags>
<status status="PASS" starttime="20200310 20:23:38.079" endtime="20200310 20:23:49.949" critical="yes"></status>
</test>
<doc>This is a test</doc>
<status status="PASS" starttime="20200310 20:23:25.469" endtime="20200310 20:23:49.952"></status>
</suite>
<statistics>
<total>
<stat pass="1" fail="0">Critical Tests</stat>
<stat pass="1" fail="0">All Tests</stat>
</total>
<tag>
<stat pass="1" fail="0">Smoke</stat>
</tag>
<suite>
<stat pass="1" fail="0" id="s1" name="Demo">Demo</stat>
</suite>
</statistics>
<errors>
<msg timestamp="20200310 20:23:25.457" level="WARN">Automatically parsing other than '*.robot' files is deprecated. Convert 'C:\QALC\AutomationClasses\RobotDemo\RobotDemo\tests\smoke\demo.txt' to '*.robot' format or use '--extension' to explicitly configure which files to parse.</msg>
</errors>
</robot>
