<?xml version="1.0" encoding="UTF-8"?>
<robot generator="Robot 3.1.2 (Python 3.8.0 on win32)" generated="20200310 01:26:43.310" rpa="false">
<suite id="s1" name="Demo" source="C:\QALC\AutomationClasses\RobotDemo\RobotDemo\Tests\Smoke\demo.txt">
<kw name="Open homepage" library="homepage" type="setup">
<doc>Opens specified browser and loads home page</doc>
<kw name="Open Browser" library="SeleniumLibrary">
<doc>Opens a new browser instance to the optional ``url``.</doc>
<arguments>
<arg>${HOMEPAGE_URL}</arg>
<arg>${BROWSER}</arg>
</arguments>
<msg timestamp="20200310 01:26:43.711" level="INFO">Opening browser 'gc' to base url 'https://qalearningcenter.com/'.</msg>
<status status="PASS" starttime="20200310 01:26:43.711" endtime="20200310 01:26:51.995"></status>
</kw>
<kw name="Maximize Browser Window" library="SeleniumLibrary">
<doc>Maximizes current browser window.</doc>
<status status="PASS" starttime="20200310 01:26:51.995" endtime="20200310 01:26:54.152"></status>
</kw>
<kw name="Get Window Size" library="SeleniumLibrary">
<doc>Returns current window width and height as integers.</doc>
<assign>
<var>@{window_size}</var>
</assign>
<msg timestamp="20200310 01:26:54.157" level="INFO">@{window_size} = [ 1294 | 694 ]</msg>
<status status="PASS" starttime="20200310 01:26:54.152" endtime="20200310 01:26:54.157"></status>
</kw>
<kw name="Log Many" library="BuiltIn">
<doc>Logs the given messages as separate entries using the INFO level.</doc>
<arguments>
<arg>@{window_size}</arg>
</arguments>
<msg timestamp="20200310 01:26:54.159" level="INFO">1294</msg>
<msg timestamp="20200310 01:26:54.159" level="INFO">694</msg>
<status status="PASS" starttime="20200310 01:26:54.157" endtime="20200310 01:26:54.159"></status>
</kw>
<status status="PASS" starttime="20200310 01:26:43.711" endtime="20200310 01:26:54.159"></status>
</kw>
<test id="s1-t1" name="Demo test case">
<kw name="Given I am on Homepage" library="homepage">
<doc>Check Site Logo Image</doc>
<kw name="Element Should Be Visible" library="SeleniumLibrary">
<doc>Verifies that the element identified by ``locator`` is visible.</doc>
<arguments>
<arg>${SITE_LOGO}</arg>
</arguments>
<msg timestamp="20200310 01:26:54.242" level="INFO">Element '(//div[@data-aid="HEADER_LOGO_RENDERED"])[1]' is displayed.</msg>
<status status="PASS" starttime="20200310 01:26:54.165" endtime="20200310 01:26:54.242"></status>
</kw>
<kw name="Capture Page Screenshot" library="SeleniumLibrary">
<doc>Takes a screenshot of the current page and embeds it into a log file.</doc>
<msg timestamp="20200310 01:26:56.640" level="INFO" html="yes">&lt;/td&gt;&lt;/tr&gt;&lt;tr&gt;&lt;td colspan="3"&gt;&lt;a href="selenium-screenshot-2.png"&gt;&lt;img src="selenium-screenshot-2.png" width="800px"&gt;&lt;/a&gt;</msg>
<status status="PASS" starttime="20200310 01:26:54.243" endtime="20200310 01:26:56.641"></status>
</kw>
<status status="PASS" starttime="20200310 01:26:54.165" endtime="20200310 01:26:56.641"></status>
</kw>
<kw name="When I go to Contact Us page" library="homepage">
<doc>clicking give button</doc>
<kw name="Wait Until Element Is Visible" library="SeleniumLibrary">
<doc>Waits until the element ``locator`` is visible.</doc>
<arguments>
<arg>${CONTACT_US}</arg>
</arguments>
<status status="PASS" starttime="20200310 01:26:56.642" endtime="20200310 01:26:56.667"></status>
</kw>
<kw name="Click Element" library="SeleniumLibrary">
<doc>Click the element identified by ``locator``.</doc>
<arguments>
<arg>${CONTACT_US}</arg>
</arguments>
<msg timestamp="20200310 01:26:56.668" level="INFO">Clicking element '//div[@id="bs-3"]//a[@href="/contact-us"]'.</msg>
<status status="PASS" starttime="20200310 01:26:56.667" endtime="20200310 01:26:57.623"></status>
</kw>
<status status="PASS" starttime="20200310 01:26:56.641" endtime="20200310 01:26:57.624"></status>
</kw>
<kw name="Close All Browsers" library="SeleniumLibrary" type="teardown">
<doc>Closes all open browsers and resets the browser cache.</doc>
<status status="PASS" starttime="20200310 01:26:57.632" endtime="20200310 01:27:01.763"></status>
</kw>
<doc>user can sign up to donate</doc>
<tags>
<tag>Smoke</tag>
</tags>
<status status="PASS" starttime="20200310 01:26:54.159" endtime="20200310 01:27:01.763" critical="yes"></status>
</test>
<doc>This is a test</doc>
<status status="PASS" starttime="20200310 01:26:43.311" endtime="20200310 01:27:01.774"></status>
</suite>
<statistics>
<total>
<stat pass="1" fail="0">Critical Tests</stat>
<stat pass="1" fail="0">All Tests</stat>
</total>
<tag>
<stat pass="1" fail="0">Smoke</stat>
</tag>
<suite>
<stat pass="1" fail="0" id="s1" name="Demo">Demo</stat>
</suite>
</statistics>
<errors>
<msg timestamp="20200310 01:26:43.303" level="WARN">Automatically parsing other than '*.robot' files is deprecated. Convert 'C:\QALC\AutomationClasses\RobotDemo\RobotDemo\Tests\Smoke\demo.txt' to '*.robot' format or use '--extension' to explicitly configure which files to parse.</msg>
</errors>
</robot>
